  [1m[35m (96.9ms)[0m  [1m[35mCREATE DATABASE "rails_api_app_base_development" ENCODING = 'unicode'[0m
  [1m[35m (99.6ms)[0m  [1m[35mCREATE DATABASE "rails_api_app_base_test" ENCODING = 'unicode'[0m
  [1m[35m (9.7ms)[0m  [1m[35mCREATE TABLE "schema_migrations" ("version" character varying NOT NULL PRIMARY KEY)[0m
  [1m[35m (5.5ms)[0m  [1m[35mCREATE TABLE "ar_internal_metadata" ("key" character varying NOT NULL PRIMARY KEY, "value" character varying, "created_at" timestamp(6) NOT NULL, "updated_at" timestamp(6) NOT NULL)[0m
  [1m[35m (0.3ms)[0m  [1m[34mSELECT pg_try_advisory_lock(7462871778362455560)[0m
  [1m[35m (0.5ms)[0m  [1m[34mSELECT "schema_migrations"."version" FROM "schema_migrations" ORDER BY "schema_migrations"."version" ASC[0m
Migrating to DeviseTokenAuthCreateUsers (20201218143306)
  [1m[35m (0.4ms)[0m  [1m[35mBEGIN[0m
  [1m[35m (12.5ms)[0m  [1m[35mCREATE TABLE "users" ("id" bigserial primary key, "provider" character varying DEFAULT 'email' NOT NULL, "uid" character varying DEFAULT '' NOT NULL, "encrypted_password" character varying DEFAULT '' NOT NULL, "reset_password_token" character varying, "reset_password_sent_at" timestamp, "allow_password_change" boolean DEFAULT FALSE, "remember_created_at" timestamp, "confirmation_token" character varying, "confirmed_at" timestamp, "confirmation_sent_at" timestamp, "unconfirmed_email" character varying, "name" character varying, "image" character varying, "email" character varying, "tokens" json, "created_at" timestamp(6) NOT NULL, "updated_at" timestamp(6) NOT NULL)[0m
  [1m[35m (3.0ms)[0m  [1m[35mCREATE UNIQUE INDEX  "index_users_on_email" ON "users"  ("email")[0m
  [1m[35m (2.4ms)[0m  [1m[35mCREATE UNIQUE INDEX  "index_users_on_uid_and_provider" ON "users"  ("uid", "provider")[0m
  [1m[35m (2.1ms)[0m  [1m[35mCREATE UNIQUE INDEX  "index_users_on_reset_password_token" ON "users"  ("reset_password_token")[0m
  [1m[35m (2.6ms)[0m  [1m[35mCREATE UNIQUE INDEX  "index_users_on_confirmation_token" ON "users"  ("confirmation_token")[0m
  [1m[36mprimary::SchemaMigration Create (1.3ms)[0m  [1m[32mINSERT INTO "schema_migrations" ("version") VALUES ($1) RETURNING "version"[0m  [["version", "20201218143306"]]
  [1m[35m (1.1ms)[0m  [1m[35mCOMMIT[0m
  [1m[36mActiveRecord::InternalMetadata Load (0.5ms)[0m  [1m[34mSELECT "ar_internal_metadata".* FROM "ar_internal_metadata" WHERE "ar_internal_metadata"."key" = $1 LIMIT $2[0m  [["key", "environment"], ["LIMIT", 1]]
  [1m[35m (0.5ms)[0m  [1m[35mBEGIN[0m
  [1m[36mActiveRecord::InternalMetadata Create (0.9ms)[0m  [1m[32mINSERT INTO "ar_internal_metadata" ("key", "value", "created_at", "updated_at") VALUES ($1, $2, $3, $4) RETURNING "key"[0m  [["key", "environment"], ["value", "development"], ["created_at", "2020-12-19 15:47:20.319481"], ["updated_at", "2020-12-19 15:47:20.319481"]]
  [1m[35m (1.2ms)[0m  [1m[35mCOMMIT[0m
  [1m[35m (0.7ms)[0m  [1m[34mSELECT pg_advisory_unlock(7462871778362455560)[0m
  [1m[35m (1.2ms)[0m  [1m[34mSELECT "schema_migrations"."version" FROM "schema_migrations" ORDER BY "schema_migrations"."version" ASC[0m
Started GET "/" for 172.18.0.1 at 2020-12-19 16:39:46 +0900
  
ActiveRecord::NoDatabaseError (FATAL:  database "rails_api_app_base_development" does not exist
):
  
activerecord (6.0.3.4) lib/active_record/connection_adapters/postgresql_adapter.rb:50:in `rescue in postgresql_connection'
activerecord (6.0.3.4) lib/active_record/connection_adapters/postgresql_adapter.rb:33:in `postgresql_connection'
activerecord (6.0.3.4) lib/active_record/connection_adapters/abstract/connection_pool.rb:887:in `new_connection'
activerecord (6.0.3.4) lib/active_record/connection_adapters/abstract/connection_pool.rb:931:in `checkout_new_connection'
activerecord (6.0.3.4) lib/active_record/connection_adapters/abstract/connection_pool.rb:910:in `try_to_checkout_new_connection'
activerecord (6.0.3.4) lib/active_record/connection_adapters/abstract/connection_pool.rb:871:in `acquire_connection'
activerecord (6.0.3.4) lib/active_record/connection_adapters/abstract/connection_pool.rb:593:in `checkout'
activerecord (6.0.3.4) lib/active_record/connection_adapters/abstract/connection_pool.rb:437:in `connection'
activerecord (6.0.3.4) lib/active_record/connection_adapters/abstract/connection_pool.rb:1119:in `retrieve_connection'
activerecord (6.0.3.4) lib/active_record/connection_handling.rb:221:in `retrieve_connection'
activerecord (6.0.3.4) lib/active_record/connection_handling.rb:189:in `connection'
activerecord (6.0.3.4) lib/active_record/migration.rb:562:in `call'
actionpack (6.0.3.4) lib/action_dispatch/middleware/callbacks.rb:27:in `block in call'
activesupport (6.0.3.4) lib/active_support/callbacks.rb:101:in `run_callbacks'
actionpack (6.0.3.4) lib/action_dispatch/middleware/callbacks.rb:26:in `call'
actionpack (6.0.3.4) lib/action_dispatch/middleware/executor.rb:14:in `call'
actionpack (6.0.3.4) lib/action_dispatch/middleware/actionable_exceptions.rb:18:in `call'
actionpack (6.0.3.4) lib/action_dispatch/middleware/debug_exceptions.rb:32:in `call'
actionpack (6.0.3.4) lib/action_dispatch/middleware/show_exceptions.rb:33:in `call'
railties (6.0.3.4) lib/rails/rack/logger.rb:37:in `call_app'
railties (6.0.3.4) lib/rails/rack/logger.rb:26:in `block in call'
activesupport (6.0.3.4) lib/active_support/tagged_logging.rb:80:in `block in tagged'
activesupport (6.0.3.4) lib/active_support/tagged_logging.rb:28:in `tagged'
activesupport (6.0.3.4) lib/active_support/tagged_logging.rb:80:in `tagged'
railties (6.0.3.4) lib/rails/rack/logger.rb:26:in `call'
sprockets-rails (3.2.2) lib/sprockets/rails/quiet_assets.rb:13:in `call'
actionpack (6.0.3.4) lib/action_dispatch/middleware/remote_ip.rb:81:in `call'
actionpack (6.0.3.4) lib/action_dispatch/middleware/request_id.rb:27:in `call'
rack (2.2.3) lib/rack/runtime.rb:22:in `call'
activesupport (6.0.3.4) lib/active_support/cache/strategy/local_cache_middleware.rb:29:in `call'
actionpack (6.0.3.4) lib/action_dispatch/middleware/executor.rb:14:in `call'
actionpack (6.0.3.4) lib/action_dispatch/middleware/static.rb:126:in `call'
rack (2.2.3) lib/rack/sendfile.rb:110:in `call'
actionpack (6.0.3.4) lib/action_dispatch/middleware/host_authorization.rb:82:in `call'
railties (6.0.3.4) lib/rails/engine.rb:527:in `call'
puma (4.3.7) lib/puma/configuration.rb:228:in `call'
puma (4.3.7) lib/puma/server.rb:713:in `handle_request'
puma (4.3.7) lib/puma/server.rb:472:in `process_client'
puma (4.3.7) lib/puma/server.rb:328:in `block in run'
puma (4.3.7) lib/puma/thread_pool.rb:134:in `block in spawn_thread'
  [1m[35m (103.7ms)[0m  [1m[35mCREATE DATABASE "rails_api_app_base_development" ENCODING = 'unicode'[0m
  [1m[35m (89.1ms)[0m  [1m[35mCREATE DATABASE "rails_api_app_base_test" ENCODING = 'unicode'[0m
  [1m[35m (6.7ms)[0m  [1m[35mCREATE TABLE "schema_migrations" ("version" character varying NOT NULL PRIMARY KEY)[0m
  [1m[35m (3.6ms)[0m  [1m[35mCREATE TABLE "ar_internal_metadata" ("key" character varying NOT NULL PRIMARY KEY, "value" character varying, "created_at" timestamp(6) NOT NULL, "updated_at" timestamp(6) NOT NULL)[0m
  [1m[35m (0.3ms)[0m  [1m[34mSELECT pg_try_advisory_lock(7462871778362455560)[0m
  [1m[35m (0.8ms)[0m  [1m[34mSELECT "schema_migrations"."version" FROM "schema_migrations" ORDER BY "schema_migrations"."version" ASC[0m
Migrating to DeviseTokenAuthCreateUsers (20201218143306)
  [1m[35m (0.6ms)[0m  [1m[35mBEGIN[0m
  [1m[35m (5.1ms)[0m  [1m[35mCREATE TABLE "users" ("id" bigserial primary key, "provider" character varying DEFAULT 'email' NOT NULL, "uid" character varying DEFAULT '' NOT NULL, "encrypted_password" character varying DEFAULT '' NOT NULL, "reset_password_token" character varying, "reset_password_sent_at" timestamp, "allow_password_change" boolean DEFAULT FALSE, "remember_created_at" timestamp, "confirmation_token" character varying, "confirmed_at" timestamp, "confirmation_sent_at" timestamp, "unconfirmed_email" character varying, "name" character varying, "image" character varying, "email" character varying, "tokens" json, "created_at" timestamp(6) NOT NULL, "updated_at" timestamp(6) NOT NULL)[0m
  [1m[35m (1.6ms)[0m  [1m[35mCREATE UNIQUE INDEX  "index_users_on_email" ON "users"  ("email")[0m
  [1m[35m (1.7ms)[0m  [1m[35mCREATE UNIQUE INDEX  "index_users_on_uid_and_provider" ON "users"  ("uid", "provider")[0m
  [1m[35m (1.5ms)[0m  [1m[35mCREATE UNIQUE INDEX  "index_users_on_reset_password_token" ON "users"  ("reset_password_token")[0m
  [1m[35m (1.5ms)[0m  [1m[35mCREATE UNIQUE INDEX  "index_users_on_confirmation_token" ON "users"  ("confirmation_token")[0m
  [1m[36mprimary::SchemaMigration Create (0.6ms)[0m  [1m[32mINSERT INTO "schema_migrations" ("version") VALUES ($1) RETURNING "version"[0m  [["version", "20201218143306"]]
  [1m[35m (0.9ms)[0m  [1m[35mCOMMIT[0m
  [1m[36mActiveRecord::InternalMetadata Load (0.4ms)[0m  [1m[34mSELECT "ar_internal_metadata".* FROM "ar_internal_metadata" WHERE "ar_internal_metadata"."key" = $1 LIMIT $2[0m  [["key", "environment"], ["LIMIT", 1]]
  [1m[35m (0.4ms)[0m  [1m[35mBEGIN[0m
  [1m[36mActiveRecord::InternalMetadata Create (1.2ms)[0m  [1m[32mINSERT INTO "ar_internal_metadata" ("key", "value", "created_at", "updated_at") VALUES ($1, $2, $3, $4) RETURNING "key"[0m  [["key", "environment"], ["value", "development"], ["created_at", "2020-12-19 16:42:36.213016"], ["updated_at", "2020-12-19 16:42:36.213016"]]
  [1m[35m (0.7ms)[0m  [1m[35mCOMMIT[0m
  [1m[35m (0.4ms)[0m  [1m[34mSELECT pg_advisory_unlock(7462871778362455560)[0m
  [1m[35m (0.8ms)[0m  [1m[34mSELECT "schema_migrations"."version" FROM "schema_migrations" ORDER BY "schema_migrations"."version" ASC[0m
Started GET "/" for 172.18.0.1 at 2020-12-19 16:42:41 +0900
  [1m[35m (0.7ms)[0m  [1m[34mSELECT "schema_migrations"."version" FROM "schema_migrations" ORDER BY "schema_migrations"."version" ASC[0m
Processing by Rails::WelcomeController#index as HTML
  Rendering /usr/local/bundle/gems/railties-6.0.3.4/lib/rails/templates/rails/welcome/index.html.erb
  Rendered /usr/local/bundle/gems/railties-6.0.3.4/lib/rails/templates/rails/welcome/index.html.erb (Duration: 5.3ms | Allocations: 182)
Completed 200 OK in 37ms (Views: 8.4ms | ActiveRecord: 0.0ms | Allocations: 1532)


  [1m[35m (0.3ms)[0m  [1m[34mSELECT pg_try_advisory_lock(7462871778362455560)[0m
  [1m[35m (0.7ms)[0m  [1m[34mSELECT "schema_migrations"."version" FROM "schema_migrations" ORDER BY "schema_migrations"."version" ASC[0m
Migrating to CreatePresentations (20201219090501)
  [1m[35m (0.3ms)[0m  [1m[35mBEGIN[0m
  [1m[35m (11.6ms)[0m  [1m[35mCREATE TABLE "presentations" ("id" bigserial primary key, "title" character varying, "user" bigint, "presen_date" date, "document_path" character varying, "created_at" timestamp(6) NOT NULL, "updated_at" timestamp(6) NOT NULL)[0m
  [1m[36mprimary::SchemaMigration Create (0.8ms)[0m  [1m[32mINSERT INTO "schema_migrations" ("version") VALUES ($1) RETURNING "version"[0m  [["version", "20201219090501"]]
  [1m[35m (2.3ms)[0m  [1m[35mCOMMIT[0m
  [1m[36mActiveRecord::InternalMetadata Load (0.7ms)[0m  [1m[34mSELECT "ar_internal_metadata".* FROM "ar_internal_metadata" WHERE "ar_internal_metadata"."key" = $1 LIMIT $2[0m  [["key", "environment"], ["LIMIT", 1]]
  [1m[35m (0.4ms)[0m  [1m[34mSELECT pg_advisory_unlock(7462871778362455560)[0m
  [1m[35m (0.6ms)[0m  [1m[34mSELECT "schema_migrations"."version" FROM "schema_migrations" ORDER BY "schema_migrations"."version" ASC[0m
  [1m[35m (0.5ms)[0m  [1m[34mSELECT "schema_migrations"."version" FROM "schema_migrations" ORDER BY "schema_migrations"."version" ASC[0m
  [1m[35m (0.5ms)[0m  [1m[34mSELECT "schema_migrations"."version" FROM "schema_migrations" ORDER BY "schema_migrations"."version" ASC[0m
  [1m[35m (0.2ms)[0m  [1m[34mSELECT "schema_migrations"."version" FROM "schema_migrations" ORDER BY "schema_migrations"."version" ASC[0m
  [1m[35m (0.3ms)[0m  [1m[34mSELECT pg_try_advisory_lock(7462871778362455560)[0m
  [1m[35m (0.7ms)[0m  [1m[34mSELECT "schema_migrations"."version" FROM "schema_migrations" ORDER BY "schema_migrations"."version" ASC[0m
Migrating to CreatePresentations (20201219091419)
  [1m[35m (0.4ms)[0m  [1m[35mBEGIN[0m
  [1m[35m (5.4ms)[0m  [1m[35mCREATE TABLE "presentations" ("id" bigserial primary key, "title" character varying, "user" bigint, "presen_date" date, "document_path" character varying, "created_at" timestamp(6) NOT NULL, "updated_at" timestamp(6) NOT NULL)[0m
  [1m[35m (0.3ms)[0m  [1m[31mROLLBACK[0m
  [1m[35m (0.5ms)[0m  [1m[34mSELECT pg_advisory_unlock(7462871778362455560)[0m
  [1m[35m (0.7ms)[0m  [1m[34mSELECT "schema_migrations"."version" FROM "schema_migrations" ORDER BY "schema_migrations"."version" ASC[0m
  [1m[35m (0.7ms)[0m  [1m[34mSELECT "ar_internal_metadata"."value" FROM "ar_internal_metadata" WHERE "ar_internal_metadata"."key" = $1[0m  [["key", "environment"]]
  [1m[35m (0.5ms)[0m  [1m[34mSELECT "schema_migrations"."version" FROM "schema_migrations" ORDER BY "schema_migrations"."version" ASC[0m
  [1m[35m (0.3ms)[0m  [1m[34mSELECT "ar_internal_metadata"."value" FROM "ar_internal_metadata" WHERE "ar_internal_metadata"."key" = $1[0m  [["key", "environment"]]
  [1m[35m (0.4ms)[0m  [1m[34mSELECT "schema_migrations"."version" FROM "schema_migrations" ORDER BY "schema_migrations"."version" ASC[0m
  [1m[35m (0.4ms)[0m  [1m[34mSELECT "ar_internal_metadata"."value" FROM "ar_internal_metadata" WHERE "ar_internal_metadata"."key" = $1[0m  [["key", "environment"]]
  [1m[35m (47.1ms)[0m  [1m[35mDROP DATABASE IF EXISTS "rails_api_app_base_development"[0m
  [1m[35m (56.9ms)[0m  [1m[35mDROP DATABASE IF EXISTS "rails_api_app_base_test"[0m
  [1m[35m (98.1ms)[0m  [1m[35mCREATE DATABASE "rails_api_app_base_development" ENCODING = 'unicode'[0m
  [1m[35m (141.4ms)[0m  [1m[35mCREATE DATABASE "rails_api_app_base_test" ENCODING = 'unicode'[0m
  [1m[35m (6.9ms)[0m  [1m[35mCREATE TABLE "schema_migrations" ("version" character varying NOT NULL PRIMARY KEY)[0m
  [1m[35m (4.4ms)[0m  [1m[35mCREATE TABLE "ar_internal_metadata" ("key" character varying NOT NULL PRIMARY KEY, "value" character varying, "created_at" timestamp(6) NOT NULL, "updated_at" timestamp(6) NOT NULL)[0m
  [1m[35m (0.2ms)[0m  [1m[34mSELECT pg_try_advisory_lock(7462871778362455560)[0m
  [1m[35m (0.6ms)[0m  [1m[34mSELECT "schema_migrations"."version" FROM "schema_migrations" ORDER BY "schema_migrations"."version" ASC[0m
Migrating to DeviseTokenAuthCreateUsers (20201218143306)
  [1m[35m (0.4ms)[0m  [1m[35mBEGIN[0m
  [1m[35m (8.1ms)[0m  [1m[35mCREATE TABLE "users" ("id" bigserial primary key, "provider" character varying DEFAULT 'email' NOT NULL, "uid" character varying DEFAULT '' NOT NULL, "encrypted_password" character varying DEFAULT '' NOT NULL, "reset_password_token" character varying, "reset_password_sent_at" timestamp, "allow_password_change" boolean DEFAULT FALSE, "remember_created_at" timestamp, "confirmation_token" character varying, "confirmed_at" timestamp, "confirmation_sent_at" timestamp, "unconfirmed_email" character varying, "name" character varying, "image" character varying, "email" character varying, "tokens" json, "created_at" timestamp(6) NOT NULL, "updated_at" timestamp(6) NOT NULL)[0m
  [1m[35m (2.3ms)[0m  [1m[35mCREATE UNIQUE INDEX  "index_users_on_email" ON "users"  ("email")[0m
  [1m[35m (2.0ms)[0m  [1m[35mCREATE UNIQUE INDEX  "index_users_on_uid_and_provider" ON "users"  ("uid", "provider")[0m
  [1m[35m (1.7ms)[0m  [1m[35mCREATE UNIQUE INDEX  "index_users_on_reset_password_token" ON "users"  ("reset_password_token")[0m
  [1m[35m (3.0ms)[0m  [1m[35mCREATE UNIQUE INDEX  "index_users_on_confirmation_token" ON "users"  ("confirmation_token")[0m
  [1m[36mprimary::SchemaMigration Create (0.6ms)[0m  [1m[32mINSERT INTO "schema_migrations" ("version") VALUES ($1) RETURNING "version"[0m  [["version", "20201218143306"]]
  [1m[35m (0.9ms)[0m  [1m[35mCOMMIT[0m
Migrating to CreatePresentations (20201219091419)
  [1m[35m (0.3ms)[0m  [1m[35mBEGIN[0m
  [1m[35m (4.7ms)[0m  [1m[35mCREATE TABLE "presentations" ("id" bigserial primary key, "title" character varying, "user" bigint, "presen_date" date, "document_path" character varying, "created_at" timestamp(6) NOT NULL, "updated_at" timestamp(6) NOT NULL)[0m
  [1m[36mprimary::SchemaMigration Create (0.6ms)[0m  [1m[32mINSERT INTO "schema_migrations" ("version") VALUES ($1) RETURNING "version"[0m  [["version", "20201219091419"]]
  [1m[35m (1.2ms)[0m  [1m[35mCOMMIT[0m
  [1m[36mActiveRecord::InternalMetadata Load (0.5ms)[0m  [1m[34mSELECT "ar_internal_metadata".* FROM "ar_internal_metadata" WHERE "ar_internal_metadata"."key" = $1 LIMIT $2[0m  [["key", "environment"], ["LIMIT", 1]]
  [1m[35m (0.2ms)[0m  [1m[35mBEGIN[0m
  [1m[36mActiveRecord::InternalMetadata Create (0.7ms)[0m  [1m[32mINSERT INTO "ar_internal_metadata" ("key", "value", "created_at", "updated_at") VALUES ($1, $2, $3, $4) RETURNING "key"[0m  [["key", "environment"], ["value", "development"], ["created_at", "2020-12-19 18:19:40.909299"], ["updated_at", "2020-12-19 18:19:40.909299"]]
  [1m[35m (0.7ms)[0m  [1m[35mCOMMIT[0m
  [1m[35m (0.7ms)[0m  [1m[34mSELECT pg_advisory_unlock(7462871778362455560)[0m
  [1m[35m (0.7ms)[0m  [1m[34mSELECT "schema_migrations"."version" FROM "schema_migrations" ORDER BY "schema_migrations"."version" ASC[0m
  [1m[35m (0.3ms)[0m  [1m[34mSELECT pg_try_advisory_lock(7462871778362455560)[0m
  [1m[35m (0.5ms)[0m  [1m[34mSELECT "schema_migrations"."version" FROM "schema_migrations" ORDER BY "schema_migrations"."version" ASC[0m
  [1m[36mActiveRecord::InternalMetadata Load (0.5ms)[0m  [1m[34mSELECT "ar_internal_metadata".* FROM "ar_internal_metadata" WHERE "ar_internal_metadata"."key" = $1 LIMIT $2[0m  [["key", "environment"], ["LIMIT", 1]]
  [1m[35m (0.4ms)[0m  [1m[34mSELECT pg_advisory_unlock(7462871778362455560)[0m
  [1m[35m (0.7ms)[0m  [1m[34mSELECT "schema_migrations"."version" FROM "schema_migrations" ORDER BY "schema_migrations"."version" ASC[0m
Started GET "/index" for 172.18.0.1 at 2020-12-19 18:22:40 +0900
  [1m[35m (1.0ms)[0m  [1m[34mSELECT "schema_migrations"."version" FROM "schema_migrations" ORDER BY "schema_migrations"."version" ASC[0m
  
ActionController::RoutingError (No route matches [GET] "/index"):
  
actionpack (6.0.3.4) lib/action_dispatch/middleware/debug_exceptions.rb:36:in `call'
actionpack (6.0.3.4) lib/action_dispatch/middleware/show_exceptions.rb:33:in `call'
railties (6.0.3.4) lib/rails/rack/logger.rb:37:in `call_app'
railties (6.0.3.4) lib/rails/rack/logger.rb:26:in `block in call'
activesupport (6.0.3.4) lib/active_support/tagged_logging.rb:80:in `block in tagged'
activesupport (6.0.3.4) lib/active_support/tagged_logging.rb:28:in `tagged'
activesupport (6.0.3.4) lib/active_support/tagged_logging.rb:80:in `tagged'
railties (6.0.3.4) lib/rails/rack/logger.rb:26:in `call'
sprockets-rails (3.2.2) lib/sprockets/rails/quiet_assets.rb:13:in `call'
actionpack (6.0.3.4) lib/action_dispatch/middleware/remote_ip.rb:81:in `call'
actionpack (6.0.3.4) lib/action_dispatch/middleware/request_id.rb:27:in `call'
rack (2.2.3) lib/rack/runtime.rb:22:in `call'
activesupport (6.0.3.4) lib/active_support/cache/strategy/local_cache_middleware.rb:29:in `call'
actionpack (6.0.3.4) lib/action_dispatch/middleware/executor.rb:14:in `call'
actionpack (6.0.3.4) lib/action_dispatch/middleware/static.rb:126:in `call'
rack (2.2.3) lib/rack/sendfile.rb:110:in `call'
actionpack (6.0.3.4) lib/action_dispatch/middleware/host_authorization.rb:82:in `call'
railties (6.0.3.4) lib/rails/engine.rb:527:in `call'
puma (4.3.7) lib/puma/configuration.rb:228:in `call'
puma (4.3.7) lib/puma/server.rb:713:in `handle_request'
puma (4.3.7) lib/puma/server.rb:472:in `process_client'
puma (4.3.7) lib/puma/server.rb:328:in `block in run'
puma (4.3.7) lib/puma/thread_pool.rb:134:in `block in spawn_thread'
Started GET "/presentations" for 172.18.0.1 at 2020-12-19 18:23:01 +0900
Processing by PresentationsController#index as HTML
  [1m[36mPresentation Load (0.6ms)[0m  [1m[34mSELECT "presentations".* FROM "presentations"[0m
  ↳ app/controllers/presentations_controller.rb:8:in `index'
[active_model_serializers] Rendered ActiveModel::Serializer::CollectionSerializer with ActiveModelSerializers::Adapter::Attributes (0.36ms)
Completed 200 OK in 94ms (Views: 68.0ms | ActiveRecord: 3.3ms | Allocations: 3188)


Started GET "/presentations" for 172.18.0.1 at 2020-12-19 18:28:59 +0900
Processing by PresentationsController#index as HTML
  [1m[36mPresentation Load (0.7ms)[0m  [1m[34mSELECT "presentations".* FROM "presentations"[0m
  ↳ app/controllers/presentations_controller.rb:8:in `index'
[active_model_serializers] Rendered ActiveModel::Serializer::CollectionSerializer with ActiveModelSerializers::Adapter::Attributes (0.1ms)
Completed 200 OK in 11ms (Views: 5.0ms | ActiveRecord: 0.7ms | Allocations: 1579)


Started GET "/presentations" for 172.18.0.1 at 2020-12-19 18:29:00 +0900
Processing by PresentationsController#index as HTML
  [1m[36mPresentation Load (0.9ms)[0m  [1m[34mSELECT "presentations".* FROM "presentations"[0m
  ↳ app/controllers/presentations_controller.rb:8:in `index'
[active_model_serializers] Rendered ActiveModel::Serializer::CollectionSerializer with ActiveModelSerializers::Adapter::Attributes (0.17ms)
Completed 200 OK in 10ms (Views: 8.6ms | ActiveRecord: 0.9ms | Allocations: 1017)


Started GET "/presentations" for 172.18.0.1 at 2020-12-19 18:33:29 +0900
Processing by PresentationsController#index as HTML
  [1m[36mPresentation Load (0.7ms)[0m  [1m[34mSELECT "presentations".* FROM "presentations"[0m
  ↳ app/controllers/presentations_controller.rb:8:in `index'
[active_model_serializers] Rendered ActiveModel::Serializer::CollectionSerializer with ActiveModelSerializers::Adapter::Attributes (0.11ms)
Completed 200 OK in 10ms (Views: 8.9ms | ActiveRecord: 0.7ms | Allocations: 1017)


Started GET "/presentations" for 172.18.0.1 at 2020-12-19 18:33:31 +0900
Processing by PresentationsController#index as HTML
  [1m[36mPresentation Load (0.5ms)[0m  [1m[34mSELECT "presentations".* FROM "presentations"[0m
  ↳ app/controllers/presentations_controller.rb:8:in `index'
[active_model_serializers] Rendered ActiveModel::Serializer::CollectionSerializer with ActiveModelSerializers::Adapter::Attributes (0.1ms)
Completed 200 OK in 9ms (Views: 7.1ms | ActiveRecord: 0.5ms | Allocations: 1016)


Started GET "/presentations" for 172.18.0.1 at 2020-12-19 18:33:59 +0900
Processing by PresentationsController#index as HTML
  [1m[36mPresentation Load (0.5ms)[0m  [1m[34mSELECT "presentations".* FROM "presentations"[0m
  ↳ app/controllers/presentations_controller.rb:8:in `index'
[active_model_serializers] Rendered ActiveModel::Serializer::CollectionSerializer with ActiveModelSerializers::Adapter::Attributes (0.19ms)
Completed 200 OK in 9ms (Views: 7.1ms | ActiveRecord: 0.5ms | Allocations: 1031)


Started GET "/presentations" for 172.18.0.1 at 2020-12-19 18:34:01 +0900
Processing by PresentationsController#index as HTML
  [1m[36mPresentation Load (0.5ms)[0m  [1m[34mSELECT "presentations".* FROM "presentations"[0m
  ↳ app/controllers/presentations_controller.rb:8:in `index'
[active_model_serializers] Rendered ActiveModel::Serializer::CollectionSerializer with ActiveModelSerializers::Adapter::Attributes (0.12ms)
Completed 200 OK in 9ms (Views: 8.1ms | ActiveRecord: 0.5ms | Allocations: 1016)


Started GET "/presentations" for 172.18.0.1 at 2020-12-19 18:34:02 +0900
Processing by PresentationsController#index as HTML
  [1m[36mPresentation Load (0.6ms)[0m  [1m[34mSELECT "presentations".* FROM "presentations"[0m
  ↳ app/controllers/presentations_controller.rb:8:in `index'
[active_model_serializers] Rendered ActiveModel::Serializer::CollectionSerializer with ActiveModelSerializers::Adapter::Attributes (0.14ms)
Completed 200 OK in 9ms (Views: 8.1ms | ActiveRecord: 0.6ms | Allocations: 1016)


Started GET "/presentations" for 172.18.0.1 at 2020-12-19 18:34:06 +0900
Processing by PresentationsController#index as HTML
  [1m[36mPresentation Load (1.2ms)[0m  [1m[34mSELECT "presentations".* FROM "presentations"[0m
  ↳ app/controllers/presentations_controller.rb:8:in `index'
[active_model_serializers] Rendered ActiveModel::Serializer::CollectionSerializer with ActiveModelSerializers::Adapter::Attributes (0.17ms)
Completed 200 OK in 9ms (Views: 7.2ms | ActiveRecord: 1.2ms | Allocations: 1016)


Started GET "/presentations" for 172.18.0.1 at 2020-12-19 18:34:45 +0900
Processing by PresentationsController#index as HTML
  [1m[36mPresentation Load (0.8ms)[0m  [1m[34mSELECT "presentations".* FROM "presentations"[0m
  ↳ app/controllers/presentations_controller.rb:8:in `index'
[active_model_serializers] Rendered ActiveModel::Serializer::CollectionSerializer with ActiveModelSerializers::Adapter::Attributes (0.08ms)
Completed 200 OK in 16ms (Views: 6.2ms | ActiveRecord: 3.3ms | Allocations: 1606)


Started GET "/presentations" for 172.18.0.1 at 2020-12-19 18:34:46 +0900
Processing by PresentationsController#index as HTML
  [1m[36mPresentation Load (0.6ms)[0m  [1m[34mSELECT "presentations".* FROM "presentations"[0m
  ↳ app/controllers/presentations_controller.rb:8:in `index'
[active_model_serializers] Rendered ActiveModel::Serializer::CollectionSerializer with ActiveModelSerializers::Adapter::Attributes (0.1ms)
Completed 200 OK in 9ms (Views: 7.7ms | ActiveRecord: 0.6ms | Allocations: 1016)


Started GET "/presentations/new" for 172.18.0.1 at 2020-12-19 18:40:00 +0900
Processing by PresentationsController#show as HTML
  Parameters: {"id"=>"new"}
[active_model_serializers] Rendered ActiveModel::Serializer::Null with Class (0.11ms)
Completed 200 OK in 26ms (Views: 25.0ms | ActiveRecord: 0.0ms | Allocations: 682)


Started GET "/presentations/new" for 172.18.0.1 at 2020-12-19 18:40:54 +0900
Processing by PresentationsController#show as HTML
  Parameters: {"id"=>"new"}
[active_model_serializers] Rendered ActiveModel::Serializer::Null with Class (0.07ms)
Completed 200 OK in 3ms (Views: 1.8ms | ActiveRecord: 0.0ms | Allocations: 195)


Started GET "/presentations/new" for 172.18.0.1 at 2020-12-19 18:45:50 +0900
Processing by PresentationsController#show as HTML
  Parameters: {"id"=>"new"}
[active_model_serializers] Rendered ActiveModel::Serializer::Null with Class (0.06ms)
Completed 200 OK in 2ms (Views: 1.7ms | ActiveRecord: 0.0ms | Allocations: 195)


Started GET "/presentations/new" for 172.18.0.1 at 2020-12-19 18:45:51 +0900
Processing by PresentationsController#show as HTML
  Parameters: {"id"=>"new"}
[active_model_serializers] Rendered ActiveModel::Serializer::Null with Class (0.08ms)
Completed 200 OK in 3ms (Views: 2.1ms | ActiveRecord: 0.0ms | Allocations: 195)


Started GET "/presentations/new" for 172.18.0.1 at 2020-12-19 18:46:13 +0900
Processing by PresentationsController#show as HTML
  Parameters: {"id"=>"new"}
[active_model_serializers] Rendered ActiveModel::Serializer::Null with Class (0.05ms)
Completed 200 OK in 2ms (Views: 1.2ms | ActiveRecord: 0.0ms | Allocations: 195)


Started GET "/presentations/new" for 172.18.0.1 at 2020-12-19 18:46:16 +0900
Processing by PresentationsController#show as HTML
  Parameters: {"id"=>"new"}
[active_model_serializers] Rendered ActiveModel::Serializer::Null with Class (0.06ms)
Completed 200 OK in 2ms (Views: 1.4ms | ActiveRecord: 0.0ms | Allocations: 195)


Started GET "/presentations" for 172.18.0.1 at 2020-12-19 21:18:58 +0900
Processing by PresentationsController#index as HTML
  [1m[36mPresentation Load (0.7ms)[0m  [1m[34mSELECT "presentations".* FROM "presentations"[0m
  ↳ app/controllers/presentations_controller.rb:8:in `index'
[active_model_serializers] Rendered ActiveModel::Serializer::CollectionSerializer with ActiveModelSerializers::Adapter::Attributes (0.16ms)
Completed 200 OK in 13ms (Views: 6.0ms | ActiveRecord: 3.3ms | Allocations: 1775)


Started GET "/presentations" for 172.18.0.1 at 2020-12-19 21:19:55 +0900
Processing by PresentationsController#index as HTML
  [1m[36mPresentation Load (0.6ms)[0m  [1m[34mSELECT "presentations".* FROM "presentations"[0m
  ↳ app/controllers/presentations_controller.rb:8:in `index'
[active_model_serializers] Rendered ActiveModel::Serializer::CollectionSerializer with ActiveModelSerializers::Adapter::Attributes (0.17ms)
Completed 200 OK in 6ms (Views: 4.9ms | ActiveRecord: 0.6ms | Allocations: 1016)


Started GET "/presentations" for 172.18.0.1 at 2020-12-19 21:20:56 +0900
Processing by PresentationsController#index as HTML
  [1m[36mPresentation Load (0.7ms)[0m  [1m[34mSELECT "presentations".* FROM "presentations"[0m
  ↳ app/controllers/presentations_controller.rb:8:in `index'
[active_model_serializers] Rendered ActiveModel::Serializer::CollectionSerializer with ActiveModelSerializers::Adapter::Attributes (0.15ms)
Completed 200 OK in 6ms (Views: 5.1ms | ActiveRecord: 0.7ms | Allocations: 1016)


Started GET "/presentations" for 172.18.0.1 at 2020-12-19 21:21:24 +0900
Processing by PresentationsController#index as HTML
  [1m[36mPresentation Load (0.6ms)[0m  [1m[34mSELECT "presentations".* FROM "presentations"[0m
  ↳ app/controllers/presentations_controller.rb:8:in `index'
[active_model_serializers] Rendered ActiveModel::Serializer::CollectionSerializer with ActiveModelSerializers::Adapter::Attributes (0.07ms)
Completed 200 OK in 6ms (Views: 4.5ms | ActiveRecord: 0.6ms | Allocations: 1016)


Started GET "/" for 172.18.0.1 at 2020-12-19 21:36:16 +0900
Processing by Rails::WelcomeController#index as HTML
  Rendering /usr/local/bundle/gems/railties-6.0.3.4/lib/rails/templates/rails/welcome/index.html.erb
  Rendered /usr/local/bundle/gems/railties-6.0.3.4/lib/rails/templates/rails/welcome/index.html.erb (Duration: 48.7ms | Allocations: 182)
Completed 200 OK in 78ms (Views: 53.5ms | ActiveRecord: 0.0ms | Allocations: 1856)


Started POST "/presentations" for 172.18.0.1 at 2020-12-19 21:37:52 +0900
Processing by PresentationsController#create as HTML
  Parameters: {"title"=>"Rails入門講座", "presentation_date"=>"2020-12-19", "document_path"=>"パスです", "presentation"=>{"title"=>"Rails入門講座", "document_path"=>"パスです"}}
Can't verify CSRF token authenticity.
[31mUnpermitted parameter: :document_path[0m
  [1m[35m (0.5ms)[0m  [1m[35mBEGIN[0m
  ↳ app/controllers/presentations_controller.rb:21:in `create'
  [1m[36mPresentation Create (3.6ms)[0m  [1m[32mINSERT INTO "presentations" ("title", "created_at", "updated_at") VALUES ($1, $2, $3) RETURNING "id"[0m  [["title", "Rails入門講座"], ["created_at", "2020-12-19 21:41:29.032616"], ["updated_at", "2020-12-19 21:41:29.032616"]]
  ↳ app/controllers/presentations_controller.rb:21:in `create'
  [1m[35m (1.0ms)[0m  [1m[35mCOMMIT[0m
  ↳ app/controllers/presentations_controller.rb:21:in `create'
[active_model_serializers] Rendered ActiveModel::Serializer::Null with Presentation (0.32ms)
Completed 201 Created in 216509ms (Views: 3.3ms | ActiveRecord: 10.4ms | Allocations: 392252)


Started GET "/presentations" for 172.18.0.1 at 2020-12-19 21:41:45 +0900
Processing by PresentationsController#index as HTML
  [1m[36mPresentation Load (1.7ms)[0m  [1m[34mSELECT "presentations".* FROM "presentations"[0m
  ↳ app/controllers/presentations_controller.rb:8:in `index'
No serializer found for resource: #<Presentation id: 1, title: "Rails入門講座", user: nil, presen_date: nil, document_path: nil, created_at: "2020-12-19 12:41:29", updated_at: "2020-12-19 12:41:29">
[active_model_serializers] Rendered ActiveModel::Serializer::CollectionSerializer with Presentation::ActiveRecord_Relation (0.58ms)
Completed 200 OK in 17ms (Views: 14.4ms | ActiveRecord: 1.7ms | Allocations: 1270)


Started GET "/presentations" for 172.18.0.1 at 2020-12-19 21:42:40 +0900
Processing by PresentationsController#index as HTML
  [1m[36mPresentation Load (0.7ms)[0m  [1m[34mSELECT "presentations".* FROM "presentations"[0m
  ↳ app/controllers/presentations_controller.rb:8:in `index'
No serializer found for resource: #<Presentation id: 1, title: "Rails入門講座", user: nil, presen_date: nil, document_path: nil, created_at: "2020-12-19 12:41:29", updated_at: "2020-12-19 12:41:29">
[active_model_serializers] Rendered ActiveModel::Serializer::CollectionSerializer with Presentation::ActiveRecord_Relation (0.35ms)
Completed 200 OK in 12ms (Views: 10.4ms | ActiveRecord: 0.7ms | Allocations: 1193)


Started POST "/presentations" for 172.18.0.1 at 2020-12-19 21:52:32 +0900
Processing by PresentationsController#create as HTML
  Parameters: {"presen_date"=>"2020-12-19", "document_path"=>"クリアあさ", "presentation"=>{"presen_date"=>"2020-12-19", "document_path"=>"クリアあさ"}}
Can't verify CSRF token authenticity.
[31mUnpermitted parameter: :document_path[0m
  [1m[35m (0.4ms)[0m  [1m[35mBEGIN[0m
  ↳ app/controllers/presentations_controller.rb:21:in `create'
  [1m[36mPresentation Create (1.0ms)[0m  [1m[32mINSERT INTO "presentations" ("presen_date", "created_at", "updated_at") VALUES ($1, $2, $3) RETURNING "id"[0m  [["presen_date", "2020-12-19"], ["created_at", "2020-12-19 21:53:45.434466"], ["updated_at", "2020-12-19 21:53:45.434466"]]
  ↳ app/controllers/presentations_controller.rb:21:in `create'
  [1m[35m (1.5ms)[0m  [1m[35mCOMMIT[0m
  ↳ app/controllers/presentations_controller.rb:21:in `create'
[active_model_serializers] Rendered ActiveModel::Serializer::Null with Presentation (0.32ms)
Completed 201 Created in 73283ms (Views: 2.4ms | ActiveRecord: 2.8ms | Allocations: 96537)


Started GET "/presentations" for 172.18.0.1 at 2020-12-19 21:54:44 +0900
Processing by PresentationsController#index as HTML
  [1m[36mPresentation Load (1.6ms)[0m  [1m[34mSELECT "presentations".* FROM "presentations"[0m
  ↳ app/controllers/presentations_controller.rb:8:in `index'
No serializer found for resource: #<Presentation id: 1, title: "Rails入門講座", user: nil, presen_date: nil, document_path: nil, created_at: "2020-12-19 12:41:29", updated_at: "2020-12-19 12:41:29">
[active_model_serializers] Rendered ActiveModel::Serializer::CollectionSerializer with Presentation::ActiveRecord_Relation (0.59ms)
Completed 200 OK in 12ms (Views: 9.9ms | ActiveRecord: 1.6ms | Allocations: 1403)


Started POST "/presentations" for 172.18.0.1 at 2020-12-19 21:56:04 +0900
Processing by PresentationsController#create as HTML
  Parameters: {"presen_date"=>"2020-12-19", "document_path"=>"ハイボール", "presentation"=>{"presen_date"=>"2020-12-19", "document_path"=>"ハイボール"}}
Can't verify CSRF token authenticity.
[31mUnpermitted parameter: :document_path[0m
  [1m[35m (1.4ms)[0m  [1m[35mBEGIN[0m
  ↳ app/controllers/presentations_controller.rb:21:in `create'
  [1m[36mPresentation Create (1.6ms)[0m  [1m[32mINSERT INTO "presentations" ("presen_date", "created_at", "updated_at") VALUES ($1, $2, $3) RETURNING "id"[0m  [["presen_date", "2020-12-19"], ["created_at", "2020-12-19 21:56:13.979998"], ["updated_at", "2020-12-19 21:56:13.979998"]]
  ↳ app/controllers/presentations_controller.rb:21:in `create'
  [1m[35m (1.6ms)[0m  [1m[35mCOMMIT[0m
  ↳ app/controllers/presentations_controller.rb:21:in `create'
[active_model_serializers] Rendered ActiveModel::Serializer::Null with Presentation (0.86ms)
Completed 201 Created in 9433ms (Views: 4.3ms | ActiveRecord: 4.6ms | Allocations: 17105)


Started POST "/presentations" for 172.18.0.1 at 2020-12-19 22:00:40 +0900
Processing by PresentationsController#create as HTML
  Parameters: {"presen_date"=>"2020-12-19", "document_path"=>"鍛高譚", "presentation"=>{"presen_date"=>"2020-12-19", "document_path"=>"鍛高譚"}}
Can't verify CSRF token authenticity.
[31mUnpermitted parameter: :document_path[0m
[active_model_serializers] Rendered ActiveModel::Serializer::Null with ActiveModel::Errors (0.18ms)
Completed 422 Unprocessable Entity in 25233ms (Views: 2.6ms | ActiveRecord: 5.6ms | Allocations: 642849)


Started POST "/presentations" for 172.18.0.1 at 2020-12-19 22:01:14 +0900
Processing by PresentationsController#create as HTML
  Parameters: {"presen_date"=>"2020-12-19", "document_path"=>"鍛高譚", "presentation"=>{"presen_date"=>"2020-12-19", "document_path"=>"鍛高譚"}}
Can't verify CSRF token authenticity.
[31mUnpermitted parameter: :document_path[0m
Started GET "/" for 172.18.0.1 at 2020-12-19 22:08:13 +0900
Processing by Rails::WelcomeController#index as HTML
  Rendering /usr/local/bundle/gems/railties-6.0.3.4/lib/rails/templates/rails/welcome/index.html.erb
  Rendered /usr/local/bundle/gems/railties-6.0.3.4/lib/rails/templates/rails/welcome/index.html.erb (Duration: 1.1ms | Allocations: 8517)
Completed 200 OK in 20ms (Views: 8.8ms | ActiveRecord: 0.0ms | Allocations: 162640)


Started GET "/presentations" for 172.18.0.1 at 2020-12-19 22:08:18 +0900
Processing by PresentationsController#index as HTML
  [1m[36mPresentation Load (2.7ms)[0m  [1m[34mSELECT "presentations".* FROM "presentations"[0m
  ↳ app/controllers/presentations_controller.rb:8:in `index'
No serializer found for resource: #<Presentation id: 1, title: "Rails入門講座", user: nil, presen_date: nil, document_path: nil, created_at: "2020-12-19 12:41:29", updated_at: "2020-12-19 12:41:29">
[active_model_serializers] Rendered ActiveModel::Serializer::CollectionSerializer with Presentation::ActiveRecord_Relation (15.14ms)
Completed 200 OK in 85ms (Views: 71.8ms | ActiveRecord: 2.7ms | Allocations: 693200)


Started GET "/presentations/2" for 172.18.0.1 at 2020-12-19 22:08:53 +0900
Processing by PresentationsController#show as HTML
  Parameters: {"id"=>"2"}
[active_model_serializers] Rendered ActiveModel::Serializer::Null with Class (1.22ms)
Completed 200 OK in 20ms (Views: 10.3ms | ActiveRecord: 0.0ms | Allocations: 183951)


Started GET "/presentations/1" for 172.18.0.1 at 2020-12-19 22:08:57 +0900
Processing by PresentationsController#show as HTML
  Parameters: {"id"=>"1"}
[active_model_serializers] Rendered ActiveModel::Serializer::Null with Class (1.83ms)
Completed 200 OK in 23ms (Views: 9.2ms | ActiveRecord: 0.0ms | Allocations: 171232)


Started GET "/presentations/2" for 172.18.0.1 at 2020-12-19 22:10:21 +0900
[31mUnpermitted parameter: :document_path[0m
[active_model_serializers] Rendered ActiveModel::Serializer::Null with ActiveModel::Errors (0.16ms)
Completed 422 Unprocessable Entity in 589631ms (Views: 2.1ms | ActiveRecord: 0.0ms | Allocations: 4916026)


Started GET "/presentations" for 172.18.0.1 at 2020-12-19 22:11:03 +0900
Processing by PresentationsController#show as HTML
  Parameters: {"id"=>"2"}
[active_model_serializers] Rendered ActiveModel::Serializer::Null with Class (0.12ms)
Completed 200 OK in 3844ms (Views: 3.9ms | ActiveRecord: 0.0ms | Allocations: 9939)


Processing by PresentationsController#index as HTML
  [1m[36mPresentation Load (0.6ms)[0m  [1m[34mSELECT "presentations".* FROM "presentations"[0m
  ↳ app/controllers/presentations_controller.rb:8:in `index'
No serializer found for resource: #<Presentation id: 1, title: "Rails入門講座", user: nil, presen_date: nil, document_path: nil, created_at: "2020-12-19 12:41:29", updated_at: "2020-12-19 12:41:29">
[active_model_serializers] Rendered ActiveModel::Serializer::CollectionSerializer with Presentation::ActiveRecord_Relation (1.5ms)
Completed 200 OK in 39ms (Views: 26.1ms | ActiveRecord: 6.6ms | Allocations: 5835)


Started GET "/presentations1" for 172.18.0.1 at 2020-12-19 22:11:18 +0900
  
ActionController::RoutingError (No route matches [GET] "/presentations1"):
  
actionpack (6.0.3.4) lib/action_dispatch/middleware/debug_exceptions.rb:36:in `call'
actionpack (6.0.3.4) lib/action_dispatch/middleware/show_exceptions.rb:33:in `call'
railties (6.0.3.4) lib/rails/rack/logger.rb:37:in `call_app'
railties (6.0.3.4) lib/rails/rack/logger.rb:26:in `block in call'
activesupport (6.0.3.4) lib/active_support/tagged_logging.rb:80:in `block in tagged'
activesupport (6.0.3.4) lib/active_support/tagged_logging.rb:28:in `tagged'
activesupport (6.0.3.4) lib/active_support/tagged_logging.rb:80:in `tagged'
railties (6.0.3.4) lib/rails/rack/logger.rb:26:in `call'
sprockets-rails (3.2.2) lib/sprockets/rails/quiet_assets.rb:13:in `call'
actionpack (6.0.3.4) lib/action_dispatch/middleware/remote_ip.rb:81:in `call'
actionpack (6.0.3.4) lib/action_dispatch/middleware/request_id.rb:27:in `call'
rack (2.2.3) lib/rack/runtime.rb:22:in `call'
activesupport (6.0.3.4) lib/active_support/cache/strategy/local_cache_middleware.rb:29:in `call'
actionpack (6.0.3.4) lib/action_dispatch/middleware/executor.rb:14:in `call'
actionpack (6.0.3.4) lib/action_dispatch/middleware/static.rb:126:in `call'
rack (2.2.3) lib/rack/sendfile.rb:110:in `call'
actionpack (6.0.3.4) lib/action_dispatch/middleware/host_authorization.rb:82:in `call'
railties (6.0.3.4) lib/rails/engine.rb:527:in `call'
puma (4.3.7) lib/puma/configuration.rb:228:in `call'
puma (4.3.7) lib/puma/server.rb:713:in `handle_request'
puma (4.3.7) lib/puma/server.rb:472:in `process_client'
puma (4.3.7) lib/puma/server.rb:328:in `block in run'
puma (4.3.7) lib/puma/thread_pool.rb:134:in `block in spawn_thread'
Started GET "/presentations" for 172.18.0.1 at 2020-12-19 22:11:20 +0900
Processing by PresentationsController#index as HTML
  [1m[36mPresentation Load (1.2ms)[0m  [1m[34mSELECT "presentations".* FROM "presentations"[0m
  ↳ app/controllers/presentations_controller.rb:8:in `index'
No serializer found for resource: #<Presentation id: 1, title: "Rails入門講座", user: nil, presen_date: nil, document_path: nil, created_at: "2020-12-19 12:41:29", updated_at: "2020-12-19 12:41:29">
[active_model_serializers] Rendered ActiveModel::Serializer::CollectionSerializer with Presentation::ActiveRecord_Relation (1.02ms)
Completed 200 OK in 15ms (Views: 12.6ms | ActiveRecord: 1.2ms | Allocations: 1466)


Started GET "/presentations/1" for 172.18.0.1 at 2020-12-19 22:11:23 +0900
Processing by PresentationsController#show as HTML
  Parameters: {"id"=>"1"}
[active_model_serializers] Rendered ActiveModel::Serializer::Null with Class (0.13ms)
Completed 200 OK in 20927ms (Views: 3.2ms | ActiveRecord: 0.0ms | Allocations: 103552)


Started GET "/presentations/1" for 172.18.0.1 at 2020-12-19 22:11:55 +0900
Processing by PresentationsController#show as HTML
  Parameters: {"id"=>"1"}
  [1m[36mPresentation Load (0.4ms)[0m  [1m[34mSELECT "presentations".* FROM "presentations" WHERE "presentations"."id" = $1 LIMIT $2[0m  [["id", 1], ["LIMIT", 1]]
  ↳ app/controllers/presentations_controller.rb:45:in `set_presentation'
[active_model_serializers] Rendered ActiveModel::Serializer::Null with Presentation (0.35ms)
Completed 200 OK in 29ms (Views: 3.1ms | ActiveRecord: 4.1ms | Allocations: 5548)


Started GET "/presentations/3" for 172.18.0.1 at 2020-12-19 22:12:01 +0900
Processing by PresentationsController#show as HTML
  Parameters: {"id"=>"3"}
  [1m[36mPresentation Load (1.0ms)[0m  [1m[34mSELECT "presentations".* FROM "presentations" WHERE "presentations"."id" = $1 LIMIT $2[0m  [["id", 3], ["LIMIT", 1]]
  ↳ app/controllers/presentations_controller.rb:45:in `set_presentation'
[active_model_serializers] Rendered ActiveModel::Serializer::Null with Presentation (0.75ms)
Completed 200 OK in 12ms (Views: 3.6ms | ActiveRecord: 1.0ms | Allocations: 896)


Started GET "/presentations/1" for 172.18.0.1 at 2020-12-19 22:34:36 +0900
Processing by PresentationsController#show as HTML
  Parameters: {"id"=>"1"}
  [1m[36mPresentation Load (0.5ms)[0m  [1m[34mSELECT "presentations".* FROM "presentations" WHERE "presentations"."id" = $1 LIMIT $2[0m  [["id", 1], ["LIMIT", 1]]
  ↳ app/controllers/presentations_controller.rb:45:in `set_presentation'
[active_model_serializers] Rendered ActiveModel::Serializer::Null with Presentation (0.95ms)
Completed 200 OK in 22ms (Views: 3.8ms | ActiveRecord: 0.9ms | Allocations: 5180)


Started GET "/presentations/1" for 172.18.0.1 at 2020-12-19 22:34:45 +0900
Processing by PresentationsController#show as HTML
  Parameters: {"id"=>"1"}
  [1m[36mPresentation Load (0.6ms)[0m  [1m[34mSELECT "presentations".* FROM "presentations" WHERE "presentations"."id" = $1 LIMIT $2[0m  [["id", 1], ["LIMIT", 1]]
  ↳ app/controllers/presentations_controller.rb:45:in `set_presentation'
[active_model_serializers] Rendered ActiveModel::Serializer::Null with Presentation (0.34ms)
Completed 200 OK in 9ms (Views: 2.8ms | ActiveRecord: 0.6ms | Allocations: 888)


Started GET "/presentations/" for 172.18.0.1 at 2020-12-19 22:34:49 +0900
Processing by PresentationsController#index as HTML
  [1m[36mPresentation Load (0.9ms)[0m  [1m[34mSELECT "presentations".* FROM "presentations"[0m
  ↳ app/controllers/presentations_controller.rb:8:in `index'
No serializer found for resource: #<Presentation id: 1, title: "Rails入門講座", user: nil, presen_date: nil, document_path: nil, created_at: "2020-12-19 12:41:29", updated_at: "2020-12-19 12:41:29">
[active_model_serializers] Rendered ActiveModel::Serializer::CollectionSerializer with Presentation::ActiveRecord_Relation (1.7ms)
Completed 200 OK in 15ms (Views: 13.9ms | ActiveRecord: 0.9ms | Allocations: 1472)


Started PATCH "/presentations/2" for 172.18.0.1 at 2020-12-19 22:36:56 +0900
Processing by PresentationsController#update as HTML
  Parameters: {"title"=>"osake", "user"=>"kuga", "presen_date"=>"2020-12-19", "document_path"=>"鍛高譚", "id"=>"2", "presentation"=>{"title"=>"osake", "user"=>"kuga", "presen_date"=>"2020-12-19", "document_path"=>"鍛高譚"}}
Can't verify CSRF token authenticity.
  [1m[36mPresentation Load (1.1ms)[0m  [1m[34mSELECT "presentations".* FROM "presentations" WHERE "presentations"."id" = $1 LIMIT $2[0m  [["id", 2], ["LIMIT", 1]]
  ↳ app/controllers/presentations_controller.rb:45:in `set_presentation'
[31mUnpermitted parameters: :user, :document_path[0m
[active_model_serializers] Rendered ActiveModel::Serializer::Null with ActiveModel::Errors (0.34ms)
Completed 422 Unprocessable Entity in 73588ms (Views: 3.4ms | ActiveRecord: 1.1ms | Allocations: 90920)


Started PATCH "/presentations/2" for 172.18.0.1 at 2020-12-19 22:38:43 +0900
Processing by PresentationsController#update as HTML
  Parameters: {"title"=>"osake", "user"=>"kuga", "presen_date"=>"2020-12-19", "document_path"=>"鍛高譚", "id"=>"2", "presentation"=>{"title"=>"osake", "user"=>"kuga", "presen_date"=>"2020-12-19", "document_path"=>"鍛高譚"}}
Can't verify CSRF token authenticity.
  [1m[36mPresentation Load (1.0ms)[0m  [1m[34mSELECT "presentations".* FROM "presentations" WHERE "presentations"."id" = $1 LIMIT $2[0m  [["id", 2], ["LIMIT", 1]]
  ↳ app/controllers/presentations_controller.rb:45:in `set_presentation'
[31mUnpermitted parameters: :user, :document_path[0m
[active_model_serializers] Rendered ActiveModel::Serializer::Null with ActiveModel::Errors (0.1ms)
Completed 422 Unprocessable Entity in 29158ms (Views: 2.1ms | ActiveRecord: 1.0ms | Allocations: 34661)


Started GET "/presentations/" for 172.18.0.1 at 2020-12-19 22:39:53 +0900
Processing by PresentationsController#index as HTML
  [1m[36mPresentation Load (0.8ms)[0m  [1m[34mSELECT "presentations".* FROM "presentations"[0m
  ↳ app/controllers/presentations_controller.rb:8:in `index'
No serializer found for resource: #<Presentation id: 1, title: "Rails入門講座", user: nil, presen_date: nil, document_path: nil, created_at: "2020-12-19 12:41:29", updated_at: "2020-12-19 12:41:29">
[active_model_serializers] Rendered ActiveModel::Serializer::CollectionSerializer with Presentation::ActiveRecord_Relation (1.24ms)
Completed 200 OK in 13ms (Views: 11.4ms | ActiveRecord: 0.8ms | Allocations: 1473)


Started GET "/presentations/" for 172.18.0.1 at 2020-12-19 22:39:55 +0900
Processing by PresentationsController#index as HTML
  [1m[36mPresentation Load (0.8ms)[0m  [1m[34mSELECT "presentations".* FROM "presentations"[0m
  ↳ app/controllers/presentations_controller.rb:8:in `index'
No serializer found for resource: #<Presentation id: 1, title: "Rails入門講座", user: nil, presen_date: nil, document_path: nil, created_at: "2020-12-19 12:41:29", updated_at: "2020-12-19 12:41:29">
[active_model_serializers] Rendered ActiveModel::Serializer::CollectionSerializer with Presentation::ActiveRecord_Relation (0.92ms)
Completed 200 OK in 12ms (Views: 10.2ms | ActiveRecord: 0.8ms | Allocations: 1471)


Started GET "/presentations/2" for 172.18.0.1 at 2020-12-19 22:40:01 +0900
Processing by PresentationsController#show as HTML
  Parameters: {"id"=>"2"}
  [1m[36mPresentation Load (0.7ms)[0m  [1m[34mSELECT "presentations".* FROM "presentations" WHERE "presentations"."id" = $1 LIMIT $2[0m  [["id", 2], ["LIMIT", 1]]
  ↳ app/controllers/presentations_controller.rb:45:in `set_presentation'
[active_model_serializers] Rendered ActiveModel::Serializer::Null with Presentation (0.61ms)
Completed 200 OK in 15ms (Views: 4.0ms | ActiveRecord: 0.7ms | Allocations: 899)


Started PUT "/presentations/2" for 172.18.0.1 at 2020-12-19 22:41:47 +0900
Processing by PresentationsController#update as HTML
  Parameters: {"title"=>"osake", "user"=>"kuga", "presen_date"=>"2020-12-19", "document_path"=>"鍛高譚", "id"=>"2", "presentation"=>{"title"=>"osake", "user"=>"kuga", "presen_date"=>"2020-12-19", "document_path"=>"鍛高譚"}}
Can't verify CSRF token authenticity.
  [1m[36mPresentation Load (0.7ms)[0m  [1m[34mSELECT "presentations".* FROM "presentations" WHERE "presentations"."id" = $1 LIMIT $2[0m  [["id", 2], ["LIMIT", 1]]
  ↳ app/controllers/presentations_controller.rb:45:in `set_presentation'
[31mUnpermitted parameters: :user, :document_path[0m
[active_model_serializers] Rendered ActiveModel::Serializer::Null with ActiveModel::Errors (0.1ms)
Completed 422 Unprocessable Entity in 59043ms (Views: 2.4ms | ActiveRecord: 0.7ms | Allocations: 74386)


Started PUT "/presentations/2" for 172.18.0.1 at 2020-12-19 22:43:08 +0900
Processing by PresentationsController#update as HTML
  Parameters: {"title"=>"osake", "user"=>"kuga", "presen_date"=>"2020-12-20", "document_path"=>"path", "id"=>"2", "presentation"=>{"title"=>"osake", "user"=>"kuga", "presen_date"=>"2020-12-20", "document_path"=>"path"}}
Can't verify CSRF token authenticity.
  [1m[36mPresentation Load (0.4ms)[0m  [1m[34mSELECT "presentations".* FROM "presentations" WHERE "presentations"."id" = $1 LIMIT $2[0m  [["id", 2], ["LIMIT", 1]]
  ↳ app/controllers/presentations_controller.rb:45:in `set_presentation'
[31mUnpermitted parameters: :user, :document_path[0m
[active_model_serializers] Rendered ActiveModel::Serializer::Null with ActiveModel::Errors (0.19ms)
Completed 422 Unprocessable Entity in 13201ms (Views: 2.3ms | ActiveRecord: 0.4ms | Allocations: 20783)


Started PATCH "/presentations/2" for 172.18.0.1 at 2020-12-19 22:50:01 +0900
Processing by PresentationsController#update as HTML
  Parameters: {"title"=>"osake", "user"=>"kuga", "presen_date"=>"2020-12-20", "document_path"=>"path", "id"=>"2", "presentation"=>{"title"=>"osake", "user"=>"kuga", "presen_date"=>"2020-12-20", "document_path"=>"path"}}
Can't verify CSRF token authenticity.
  [1m[36mPresentation Load (0.6ms)[0m  [1m[34mSELECT "presentations".* FROM "presentations" WHERE "presentations"."id" = $1 LIMIT $2[0m  [["id", 2], ["LIMIT", 1]]
  ↳ app/controllers/presentations_controller.rb:45:in `set_presentation'
[31mUnpermitted parameters: :user, :document_path[0m
Started PATCH "/presentations/2" for 172.18.0.1 at 2020-12-19 22:52:20 +0900
[31mUnpermitted parameters: :user, :document_path[0m
[31mUnpermitted parameters: :user, :document_path[0m
[active_model_serializers] Rendered ActiveModel::Serializer::Null with ActiveModel::Errors (0.15ms)
Completed 422 Unprocessable Entity in 157289ms (Views: 2.8ms | ActiveRecord: 1.0ms | Allocations: 463354)


Processing by PresentationsController#update as HTML
  Parameters: {"title"=>"osake", "user"=>"kuga", "presen_date"=>"2020-12-20", "document_path"=>"path", "id"=>"2", "presentation"=>{"title"=>"osake", "user"=>"kuga", "presen_date"=>"2020-12-20", "document_path"=>"path"}}
Can't verify CSRF token authenticity.
  [1m[36mPresentation Load (0.5ms)[0m  [1m[34mSELECT "presentations".* FROM "presentations" WHERE "presentations"."id" = $1 LIMIT $2[0m  [["id", 2], ["LIMIT", 1]]
  ↳ app/controllers/presentations_controller.rb:45:in `set_presentation'
Started GET "/presentations/2" for 172.18.0.1 at 2020-12-19 22:53:04 +0900
  [1m[35m (0.7ms)[0m  [1m[35mBEGIN[0m
  ↳ app/controllers/presentations_controller.rb:30:in `update'
  [1m[36mPresentation Update (1.5ms)[0m  [1m[33mUPDATE "presentations" SET "title" = $1, "presen_date" = $2, "user" = $3, "document_path" = $4, "updated_at" = $5 WHERE "presentations"."id" = $6[0m  [["title", "osake"], ["presen_date", "2020-12-20"], ["user", 0], ["document_path", "path"], ["updated_at", "2020-12-19 22:53:46.329845"], ["id", 2]]
  ↳ app/controllers/presentations_controller.rb:30:in `update'
  [1m[35m (1.9ms)[0m  [1m[35mCOMMIT[0m
  ↳ app/controllers/presentations_controller.rb:30:in `update'
[active_model_serializers] Rendered ActiveModel::Serializer::Null with Presentation (0.59ms)
Completed 200 OK in 67158ms (Views: 3.5ms | ActiveRecord: 9.8ms | Allocations: 336541)


Started GET "/presentations" for 172.18.0.1 at 2020-12-19 22:53:46 +0900
Started GET "/presentations" for 172.18.0.1 at 2020-12-19 22:53:46 +0900
Processing by PresentationsController#show as HTML
  Parameters: {"id"=>"2"}
  [1m[36mPresentation Load (2.9ms)[0m  [1m[34mSELECT "presentations".* FROM "presentations" WHERE "presentations"."id" = $1 LIMIT $2[0m  [["id", 2], ["LIMIT", 1]]
  ↳ app/controllers/presentations_controller.rb:45:in `set_presentation'
Processing by PresentationsController#index as HTML
[active_model_serializers] Rendered ActiveModel::Serializer::Null with Presentation (0.46ms)
  [1m[36mPresentation Load (0.8ms)[0m  [1m[34mSELECT "presentations".* FROM "presentations"[0m
  ↳ app/controllers/presentations_controller.rb:8:in `index'
No serializer found for resource: #<Presentation id: 1, title: "Rails入門講座", user: nil, presen_date: nil, document_path: nil, created_at: "2020-12-19 12:41:29", updated_at: "2020-12-19 12:41:29">
Completed 200 OK in 40ms (Views: 8.6ms | ActiveRecord: 8.1ms | Allocations: 9358)


Processing by PresentationsController#index as HTML
[active_model_serializers] Rendered ActiveModel::Serializer::CollectionSerializer with Presentation::ActiveRecord_Relation (2.0ms)
  [1m[36mPresentation Load (1.4ms)[0m  [1m[34mSELECT "presentations".* FROM "presentations"[0m
Completed 200 OK in 23ms (Views: 21.7ms | ActiveRecord: 0.8ms | Allocations: 2479)


  ↳ app/controllers/presentations_controller.rb:8:in `index'
No serializer found for resource: #<Presentation id: 1, title: "Rails入門講座", user: nil, presen_date: nil, document_path: nil, created_at: "2020-12-19 12:41:29", updated_at: "2020-12-19 12:41:29">
[active_model_serializers] Rendered ActiveModel::Serializer::CollectionSerializer with Presentation::ActiveRecord_Relation (1.25ms)
Completed 200 OK in 18ms (Views: 16.3ms | ActiveRecord: 1.4ms | Allocations: 1839)


Started GET "/presentations" for 172.18.0.1 at 2020-12-19 22:54:06 +0900
Processing by PresentationsController#index as HTML
  [1m[36mPresentation Load (0.7ms)[0m  [1m[34mSELECT "presentations".* FROM "presentations"[0m
  ↳ app/controllers/presentations_controller.rb:8:in `index'
No serializer found for resource: #<Presentation id: 1, title: "Rails入門講座", user: nil, presen_date: nil, document_path: nil, created_at: "2020-12-19 12:41:29", updated_at: "2020-12-19 12:41:29">
[active_model_serializers] Rendered ActiveModel::Serializer::CollectionSerializer with Presentation::ActiveRecord_Relation (0.71ms)
Completed 200 OK in 11ms (Views: 8.9ms | ActiveRecord: 0.7ms | Allocations: 1483)


Started DELETE "/presentations/2" for 172.18.0.1 at 2020-12-19 23:08:31 +0900
Processing by PresentationsController#destroy as HTML
  Parameters: {"title"=>"osake", "user"=>"kuga", "presen_date"=>"2020-12-20", "document_path"=>"path", "id"=>"2", "presentation"=>{"title"=>"osake", "user"=>"kuga", "presen_date"=>"2020-12-20", "document_path"=>"path"}}
Can't verify CSRF token authenticity.
  [1m[36mPresentation Load (0.8ms)[0m  [1m[34mSELECT "presentations".* FROM "presentations" WHERE "presentations"."id" = $1 LIMIT $2[0m  [["id", 2], ["LIMIT", 1]]
  ↳ app/controllers/presentations_controller.rb:45:in `set_presentation'
  [1m[35m (0.8ms)[0m  [1m[35mBEGIN[0m
  ↳ app/controllers/presentations_controller.rb:39:in `destroy'
  [1m[36mPresentation Destroy (2.3ms)[0m  [1m[31mDELETE FROM "presentations" WHERE "presentations"."id" = $1[0m  [["id", 2]]
  ↳ app/controllers/presentations_controller.rb:39:in `destroy'
  [1m[35m (1.9ms)[0m  [1m[35mCOMMIT[0m
  ↳ app/controllers/presentations_controller.rb:39:in `destroy'
No template found for PresentationsController#destroy, rendering head :no_content
Completed 204 No Content in 20260ms (ActiveRecord: 6.3ms | Allocations: 37422)


Started GET "/presentations" for 172.18.0.1 at 2020-12-19 23:09:19 +0900
Processing by PresentationsController#index as HTML
  [1m[36mPresentation Load (0.8ms)[0m  [1m[34mSELECT "presentations".* FROM "presentations"[0m
  ↳ app/controllers/presentations_controller.rb:8:in `index'
No serializer found for resource: #<Presentation id: 1, title: "Rails入門講座", user: nil, presen_date: nil, document_path: nil, created_at: "2020-12-19 12:41:29", updated_at: "2020-12-19 12:41:29">
[active_model_serializers] Rendered ActiveModel::Serializer::CollectionSerializer with Presentation::ActiveRecord_Relation (1.43ms)
Completed 200 OK in 14ms (Views: 12.5ms | ActiveRecord: 0.8ms | Allocations: 1595)


